<?xml version="1.0" encoding="UTF-8"?>
<coverage generated="1651251579">
  <project timestamp="1651251579">
    <file name="/home/mbaray/PHP/php-project-lvl2/src/Differ/Gendiff.php">
      <line num="7" type="stmt" count="1"/>
      <line num="8" type="stmt" count="1"/>
      <line num="10" type="stmt" count="1"/>
      <line num="11" type="stmt" count="1"/>
      <line num="12" type="stmt" count="1"/>
      <line num="14" type="stmt" count="1"/>
      <line num="15" type="stmt" count="1"/>
      <line num="16" type="stmt" count="1"/>
      <line num="18" type="stmt" count="1"/>
      <line num="19" type="stmt" count="1"/>
      <line num="20" type="stmt" count="1"/>
      <line num="21" type="stmt" count="1"/>
      <line num="22" type="stmt" count="1"/>
      <line num="23" type="stmt" count="1"/>
      <line num="24" type="stmt" count="1"/>
      <line num="26" type="stmt" count="1"/>
      <line num="29" type="stmt" count="1"/>
      <line num="30" type="stmt" count="1"/>
      <line num="32" type="stmt" count="1"/>
      <line num="34" type="stmt" count="1"/>
      <line num="39" type="stmt" count="1"/>
      <line num="44" type="stmt" count="1"/>
      <line num="49" type="stmt" count="1"/>
      <line num="51" type="stmt" count="1"/>
      <metrics loc="53" ncloc="53" classes="0" methods="0" coveredmethods="0" conditionals="0" coveredconditionals="0" statements="24" coveredstatements="24" elements="24" coveredelements="24"/>
    </file>
    <metrics files="1" loc="53" ncloc="53" classes="0" methods="0" coveredmethods="0" conditionals="0" coveredconditionals="0" statements="24" coveredstatements="24" elements="24" coveredelements="24"/>
  </project>
</coverage>
